生成启动时间为 2018/10/8 17:24:12。
     1>项目“F:\源码\gtest_test\RUN_TESTS.vcxproj”在节点 2 上(Build 个目标)。
     1>PostBuildEvent:
         setlocal
         G:\CMake\bin\ctest.exe --force-new-ctest-process -C Debug
         if %errorlevel% neq 0 goto :cmEnd
         :cmEnd
         endlocal & call :cmErrorLevel %errorlevel% & goto :cmDone
         :cmErrorLevel
         exit /b %1
         :cmDone
         if %errorlevel% neq 0 goto :VCEnd
         :VCEnd
         Test project F:/婧愮爜/gtest_test
               Start  1: gmock-actions_test
         Could not find executable F:/婧愮爜/gtest_test/googlemock/Debug/gmock-actions_test.exe
         Looked in the following places:
         F:/婧愮爜/gtest_test/googlemock/Debug/gmock-actions_test.exe
         F:/婧愮爜/gtest_test/googlemock/Debug/gmock-actions_test.exe.exe
         F:/婧愮爜/gtest_test/googlemock/Debug/Debug/gmock-actions_test.exe
         F:/婧愮爜/gtest_test/googlemock/Debug/Debug/gmock-actions_test.exe.exe
         Debug/F:/婧愮爜/gtest_test/googlemock/Debug/gmock-actions_test.exe
         Debug/F:/婧愮爜/gtest_test/googlemock/Debug/gmock-actions_test.exe.exe
         Unable to find executable: F:/婧愮爜/gtest_test/googlemock/Debug/gmock-actions_test.exe
          1/43 Test  #1: gmock-actions_test ......................***Not Run   0.00 sec
               Start  2: gmock-cardinalities_test
          2/43 Test  #2: gmock-cardinalities_test ................   Passed    0.31 sec
               Start  3: gmock_ex_test
          3/43 Test  #3: gmock_ex_test ...........................   Passed    0.27 sec
               Start  4: gmock-generated-actions_test
         Could not find executable F:/婧愮爜/gtest_test/googlemock/Debug/gmock-generated-actions_test.exe
         Looked in the following places:
         F:/婧愮爜/gtest_test/googlemock/Debug/gmock-generated-actions_test.exe
         F:/婧愮爜/gtest_test/googlemock/Debug/gmock-generated-actions_test.exe.exe
         F:/婧愮爜/gtest_test/googlemock/Debug/Debug/gmock-generated-actions_test.exe
         F:/婧愮爜/gtest_test/googlemock/Debug/Debug/gmock-generated-actions_test.exe.exe
         Debug/F:/婧愮爜/gtest_test/googlemock/Debug/gmock-generated-actions_test.exe
         Debug/F:/婧愮爜/gtest_test/googlemock/Debug/gmock-generated-actions_test.exe.exe
         Unable to find executable: F:/婧愮爜/gtest_test/googlemock/Debug/gmock-generated-actions_test.exe
          4/43 Test  #4: gmock-generated-actions_test ............***Not Run   0.00 sec
               Start  5: gmock-generated-function-mockers_test
         Could not find executable F:/婧愮爜/gtest_test/googlemock/Debug/gmock-generated-function-mockers_test.exe
         Looked in the following places:
         F:/婧愮爜/gtest_test/googlemock/Debug/gmock-generated-function-mockers_test.exe
         F:/婧愮爜/gtest_test/googlemock/Debug/gmock-generated-function-mockers_test.exe.exe
         F:/婧愮爜/gtest_test/googlemock/Debug/Debug/gmock-generated-function-mockers_test.exe
         F:/婧愮爜/gtest_test/googlemock/Debug/Debug/gmock-generated-function-mockers_test.exe.exe
         Debug/F:/婧愮爜/gtest_test/googlemock/Debug/gmock-generated-function-mockers_test.exe
         Debug/F:/婧愮爜/gtest_test/googlemock/Debug/gmock-generated-function-mockers_test.exe.exe
         Unable to find executable: F:/婧愮爜/gtest_test/googlemock/Debug/gmock-generated-function-mockers_test.exe
          5/43 Test  #5: gmock-generated-function-mockers_test ...***Not Run   0.00 sec
               Start  6: gmock-generated-internal-utils_test
          6/43 Test  #6: gmock-generated-internal-utils_test .....   Passed    0.32 sec
               Start  7: gmock-generated-matchers_test
         Could not find executable F:/婧愮爜/gtest_test/googlemock/Debug/gmock-generated-matchers_test.exe
         Looked in the following places:
         F:/婧愮爜/gtest_test/googlemock/Debug/gmock-generated-matchers_test.exe
         F:/婧愮爜/gtest_test/googlemock/Debug/gmock-generated-matchers_test.exe.exe
         F:/婧愮爜/gtest_test/googlemock/Debug/Debug/gmock-generated-matchers_test.exe
         F:/婧愮爜/gtest_test/googlemock/Debug/Debug/gmock-generated-matchers_test.exe.exe
         Unable to find executable: F:/婧愮爜/gtest_test/googlemock/Debug/gmock-generated-matchers_test.exe
         Debug/F:/婧愮爜/gtest_test/googlemock/Debug/gmock-generated-matchers_test.exe
         Debug/F:/婧愮爜/gtest_test/googlemock/Debug/gmock-generated-matchers_test.exe.exe
          7/43 Test  #7: gmock-generated-matchers_test ...........***Not Run   0.00 sec
               Start  8: gmock-internal-utils_test
         Could not find executable F:/婧愮爜/gtest_test/googlemock/Debug/gmock-internal-utils_test.exe
         Looked in the following places:
         F:/婧愮爜/gtest_test/googlemock/Debug/gmock-internal-utils_test.exe
         F:/婧愮爜/gtest_test/googlemock/Debug/gmock-internal-utils_test.exe.exe
         F:/婧愮爜/gtest_test/googlemock/Debug/Debug/gmock-internal-utils_test.exe
         F:/婧愮爜/gtest_test/googlemock/Debug/Debug/gmock-internal-utils_test.exe.exe
         Debug/F:/婧愮爜/gtest_test/googlemock/Debug/gmock-internal-utils_test.exe
         Debug/F:/婧愮爜/gtest_test/googlemock/Debug/gmock-internal-utils_test.exe.exe
         Unable to find executable: F:/婧愮爜/gtest_test/googlemock/Debug/gmock-internal-utils_test.exe
          8/43 Test  #8: gmock-internal-utils_test ...............***Not Run   0.00 sec
               Start  9: gmock-matchers_test
         Could not find executable F:/婧愮爜/gtest_test/googlemock/Debug/gmock-matchers_test.exe
         Looked in the following places:
         F:/婧愮爜/gtest_test/googlemock/Debug/gmock-matchers_test.exe
         F:/婧愮爜/gtest_test/googlemock/Debug/gmock-matchers_test.exe.exe
         F:/婧愮爜/gtest_test/googlemock/Debug/Debug/gmock-matchers_test.exe
         F:/婧愮爜/gtest_test/googlemock/Debug/Debug/gmock-matchers_test.exe.exe
         Debug/F:/婧愮爜/gtest_test/googlemock/Debug/gmock-matchers_test.exe
         Debug/F:/婧愮爜/gtest_test/googlemock/Debug/gmock-matchers_test.exe.exe
         Unable to find executable: F:/婧愮爜/gtest_test/googlemock/Debug/gmock-matchers_test.exe
          9/43 Test  #9: gmock-matchers_test .....................***Not Run   0.00 sec
               Start 10: gmock-more-actions_test
         Could not find executable F:/婧愮爜/gtest_test/googlemock/Debug/gmock-more-actions_test.exe
         Looked in the following places:
         F:/婧愮爜/gtest_test/googlemock/Debug/gmock-more-actions_test.exe
         F:/婧愮爜/gtest_test/googlemock/Debug/gmock-more-actions_test.exe.exe
         F:/婧愮爜/gtest_test/googlemock/Debug/Debug/gmock-more-actions_test.exe
         F:/婧愮爜/gtest_test/googlemock/Debug/Debug/gmock-more-actions_test.exe.exe
         Debug/F:/婧愮爜/gtest_test/googlemock/Debug/gmock-more-actions_test.exe
         Debug/F:/婧愮爜/gtest_test/googlemock/Debug/gmock-more-actions_test.exe.exe
         Unable to find executable: F:/婧愮爜/gtest_test/googlemock/Debug/gmock-more-actions_test.exe
         10/43 Test #10: gmock-more-actions_test .................***Not Run   0.00 sec
               Start 11: gmock-nice-strict_test
         Could not find executable F:/婧愮爜/gtest_test/googlemock/Debug/gmock-nice-strict_test.exe
         Looked in the following places:
         F:/婧愮爜/gtest_test/googlemock/Debug/gmock-nice-strict_test.exe
         F:/婧愮爜/gtest_test/googlemock/Debug/gmock-nice-strict_test.exe.exe
         F:/婧愮爜/gtest_test/googlemock/Debug/Debug/gmock-nice-strict_test.exe
         F:/婧愮爜/gtest_test/googlemock/Debug/Debug/gmock-nice-strict_test.exe.exe
         Unable to find executable: F:/婧愮爜/gtest_test/googlemock/Debug/gmock-nice-strict_test.exe
         Debug/F:/婧愮爜/gtest_test/googlemock/Debug/gmock-nice-strict_test.exe
         Debug/F:/婧愮爜/gtest_test/googlemock/Debug/gmock-nice-strict_test.exe.exe
         11/43 Test #11: gmock-nice-strict_test ..................***Not Run   0.00 sec
               Start 12: gmock-port_test
         12/43 Test #12: gmock-port_test .........................   Passed    0.29 sec
               Start 13: gmock-spec-builders_test
         Could not find executable F:/婧愮爜/gtest_test/googlemock/Debug/gmock-spec-builders_test.exe
         Looked in the following places:
         F:/婧愮爜/gtest_test/googlemock/Debug/gmock-spec-builders_test.exe
         F:/婧愮爜/gtest_test/googlemock/Debug/gmock-spec-builders_test.exe.exe
         F:/婧愮爜/gtest_test/googlemock/Debug/Debug/gmock-spec-builders_test.exe
         F:/婧愮爜/gtest_test/googlemock/Debug/Debug/gmock-spec-builders_test.exe.exe
         Debug/F:/婧愮爜/gtest_test/googlemock/Debug/gmock-spec-builders_test.exe
         Debug/F:/婧愮爜/gtest_test/googlemock/Debug/gmock-spec-builders_test.exe.exe
         Unable to find executable: F:/婧愮爜/gtest_test/googlemock/Debug/gmock-spec-builders_test.exe
         13/43 Test #13: gmock-spec-builders_test ................***Not Run   0.00 sec
               Start 14: gmock_link_test
         Could not find executable F:/婧愮爜/gtest_test/googlemock/Debug/gmock_link_test.exe
         Looked in the following places:
         F:/婧愮爜/gtest_test/googlemock/Debug/gmock_link_test.exe
         F:/婧愮爜/gtest_test/googlemock/Debug/gmock_link_test.exe.exe
         F:/婧愮爜/gtest_test/googlemock/Debug/Debug/gmock_link_test.exe
         F:/婧愮爜/gtest_test/googlemock/Debug/Debug/gmock_link_test.exe.exe
         Debug/F:/婧愮爜/gtest_test/googlemock/Debug/gmock_link_test.exe
         Debug/F:/婧愮爜/gtest_test/googlemock/Debug/gmock_link_test.exe.exe
         Unable to find executable: F:/婧愮爜/gtest_test/googlemock/Debug/gmock_link_test.exe
         14/43 Test #14: gmock_link_test .........................***Not Run   0.00 sec
               Start 15: gmock_test
         15/43 Test #15: gmock_test ..............................   Passed    0.28 sec
               Start 16: gmock-more-actions_no_exception_test
         Could not find executable F:/婧愮爜/gtest_test/googlemock/Debug/gmock-more-actions_no_exception_test.exe
         Looked in the following places:
         F:/婧愮爜/gtest_test/googlemock/Debug/gmock-more-actions_no_exception_test.exe
         F:/婧愮爜/gtest_test/googlemock/Debug/gmock-more-actions_no_exception_test.exe.exe
         F:/婧愮爜/gtest_test/googlemock/Debug/Debug/gmock-more-actions_no_exception_test.exe
         F:/婧愮爜/gtest_test/googlemock/Debug/Debug/gmock-more-actions_no_exception_test.exe.exe
         Debug/F:/婧愮爜/gtest_test/googlemock/Debug/gmock-more-actions_no_exception_test.exe
         Debug/F:/婧愮爜/gtest_test/googlemock/Debug/gmock-more-actions_no_exception_test.exe.exe
         Unable to find executable: F:/婧愮爜/gtest_test/googlemock/Debug/gmock-more-actions_no_exception_test.exe
         16/43 Test #16: gmock-more-actions_no_exception_test ....***Not Run   0.00 sec
               Start 17: gmock_no_rtti_test
         Could not find executable F:/婧愮爜/gtest_test/googlemock/Debug/gmock_no_rtti_test.exe
         Looked in the following places:
         F:/婧愮爜/gtest_test/googlemock/Debug/gmock_no_rtti_test.exe
         F:/婧愮爜/gtest_test/googlemock/Debug/gmock_no_rtti_test.exe.exe
         F:/婧愮爜/gtest_test/googlemock/Debug/Debug/gmock_no_rtti_test.exe
         F:/婧愮爜/gtest_test/googlemock/Debug/Debug/gmock_no_rtti_test.exe.exe
         Debug/F:/婧愮爜/gtest_test/googlemock/Debug/gmock_no_rtti_test.exe
         Debug/F:/婧愮爜/gtest_test/googlemock/Debug/gmock_no_rtti_test.exe.exe
         Unable to find executable: F:/婧愮爜/gtest_test/googlemock/Debug/gmock_no_rtti_test.exe
         17/43 Test #17: gmock_no_rtti_test ......................***Not Run   0.00 sec
               Start 18: googletest-death-test-test
         18/43 Test #18: googletest-death-test-test ..............   Passed    5.64 sec
               Start 19: gtest_environment_test
         19/43 Test #19: gtest_environment_test ..................   Passed    0.27 sec
               Start 20: googletest-filepath-test
         20/43 Test #20: googletest-filepath-test ................   Passed    0.31 sec
               Start 21: googletest-linked-ptr-test
         21/43 Test #21: googletest-linked-ptr-test ..............   Passed    0.37 sec
               Start 22: googletest-listener-test
         22/43 Test #22: googletest-listener-test ................   Passed    0.26 sec
               Start 23: gtest_main_unittest
         23/43 Test #23: gtest_main_unittest .....................   Passed    0.28 sec
               Start 24: googletest-message-test
         24/43 Test #24: googletest-message-test .................   Passed    0.31 sec
               Start 25: gtest_no_test_unittest
         25/43 Test #25: gtest_no_test_unittest ..................   Passed    0.27 sec
               Start 26: googletest-options-test
         26/43 Test #26: googletest-options-test .................   Passed    0.30 sec
               Start 27: googletest-param-test-test
         27/43 Test #27: googletest-param-test-test ..............   Passed    0.44 sec
               Start 28: googletest-port-test
         28/43 Test #28: googletest-port-test ....................   Passed    3.78 sec
               Start 29: gtest_pred_impl_unittest
         29/43 Test #29: gtest_pred_impl_unittest ................   Passed    0.38 sec
               Start 30: gtest_premature_exit_test
         30/43 Test #30: gtest_premature_exit_test ...............   Passed    0.29 sec
               Start 31: googletest-printers-test
         Could not find executable F:/婧愮爜/gtest_test/googlemock/gtest/Debug/googletest-printers-test.exe
         Looked in the following places:
         F:/婧愮爜/gtest_test/googlemock/gtest/Debug/googletest-printers-test.exe
         F:/婧愮爜/gtest_test/googlemock/gtest/Debug/googletest-printers-test.exe.exe
         F:/婧愮爜/gtest_test/googlemock/gtest/Debug/Debug/googletest-printers-test.exe
         F:/婧愮爜/gtest_test/googlemock/gtest/Debug/Debug/googletest-printers-test.exe.exe
         Debug/F:/婧愮爜/gtest_test/googlemock/gtest/Debug/googletest-printers-test.exe
         Debug/F:/婧愮爜/gtest_test/googlemock/gtest/Debug/googletest-printers-test.exe.exe
         Unable to find executable: F:/婧愮爜/gtest_test/googlemock/gtest/Debug/googletest-printers-test.exe
         31/43 Test #31: googletest-printers-test ................***Not Run   0.00 sec
               Start 32: gtest_prod_test
         32/43 Test #32: gtest_prod_test .........................   Passed    2.25 sec
               Start 33: gtest_repeat_test
         33/43 Test #33: gtest_repeat_test .......................   Passed    1.67 sec
               Start 34: gtest_sole_header_test
         34/43 Test #34: gtest_sole_header_test ..................   Passed    0.36 sec
               Start 35: gtest_stress_test
         35/43 Test #35: gtest_stress_test .......................   Passed    1.46 sec
               Start 36: googletest-test-part-test
         36/43 Test #36: googletest-test-part-test ...............   Passed    0.49 sec
               Start 37: gtest_throw_on_failure_ex_test
         37/43 Test #37: gtest_throw_on_failure_ex_test ..........   Passed    0.57 sec
               Start 38: gtest-typed-test_test
         38/43 Test #38: gtest-typed-test_test ...................   Passed    0.62 sec
               Start 39: gtest_unittest
         39/43 Test #39: gtest_unittest ..........................   Passed    2.10 sec
               Start 40: gtest-unittest-api_test
         40/43 Test #40: gtest-unittest-api_test .................   Passed    0.35 sec
               Start 41: gtest-death-test_ex_nocatch_test
         41/43 Test #41: gtest-death-test_ex_nocatch_test ........   Passed    0.64 sec
               Start 42: gtest-death-test_ex_catch_test
         42/43 Test #42: gtest-death-test_ex_catch_test ..........   Passed    0.59 sec
               Start 43: gtest_no_rtti_unittest
         43/43 Test #43: gtest_no_rtti_unittest ..................   Passed    2.10 sec
         
         70% tests passed, 13 tests failed out of 43
         
         Total Test time (real) =  27.67 sec
         
         The following tests FAILED:
         	  1 - gmock-actions_test (Not Run)
         	  4 - gmock-generated-actions_test (Not Run)
         	  5 - gmock-generated-function-mockers_test (Not Run)
         	  7 - gmock-generated-matchers_test (Not Run)
         	  8 - gmock-internal-utils_test (Not Run)
         	  9 - gmock-matchers_test (Not Run)
         	 10 - gmock-more-actions_test (Not Run)
         	 11 - gmock-nice-strict_test (Not Run)
         	 13 - gmock-spec-builders_test (Not Run)
         	 14 - gmock_link_test (Not Run)
         	 16 - gmock-more-actions_no_exception_test (Not Run)
         	 17 - gmock_no_rtti_test (Not Run)
         	 31 - googletest-printers-test (Not Run)
         Errors while running CTest
     1>C:\Program Files (x86)\MSBuild\Microsoft.Cpp\v4.0\V140\Microsoft.CppCommon.targets(133,5): error MSB3073: 命令“setlocal
C:\Program Files (x86)\MSBuild\Microsoft.Cpp\v4.0\V140\Microsoft.CppCommon.targets(133,5): error MSB3073: G:\CMake\bin\ctest.exe --force-new-ctest-process -C Debug
C:\Program Files (x86)\MSBuild\Microsoft.Cpp\v4.0\V140\Microsoft.CppCommon.targets(133,5): error MSB3073: if %errorlevel% neq 0 goto :cmEnd
C:\Program Files (x86)\MSBuild\Microsoft.Cpp\v4.0\V140\Microsoft.CppCommon.targets(133,5): error MSB3073: :cmEnd
C:\Program Files (x86)\MSBuild\Microsoft.Cpp\v4.0\V140\Microsoft.CppCommon.targets(133,5): error MSB3073: endlocal & call :cmErrorLevel %errorlevel% & goto :cmDone
C:\Program Files (x86)\MSBuild\Microsoft.Cpp\v4.0\V140\Microsoft.CppCommon.targets(133,5): error MSB3073: :cmErrorLevel
C:\Program Files (x86)\MSBuild\Microsoft.Cpp\v4.0\V140\Microsoft.CppCommon.targets(133,5): error MSB3073: exit /b %1
C:\Program Files (x86)\MSBuild\Microsoft.Cpp\v4.0\V140\Microsoft.CppCommon.targets(133,5): error MSB3073: :cmDone
C:\Program Files (x86)\MSBuild\Microsoft.Cpp\v4.0\V140\Microsoft.CppCommon.targets(133,5): error MSB3073: if %errorlevel% neq 0 goto :VCEnd
C:\Program Files (x86)\MSBuild\Microsoft.Cpp\v4.0\V140\Microsoft.CppCommon.targets(133,5): error MSB3073: :VCEnd”已退出，代码为 8。
     1>已完成生成项目“F:\源码\gtest_test\RUN_TESTS.vcxproj”(Build 个目标)的操作 - 失败。

生成失败。

已用时间 00:00:28.58
